TN:
SF:models\Hotel.js
FN:34,default
FNF:1
FNH:0
FNDA:0,default
DA:1,1
DA:2,1
DA:3,1
DA:4,1
DA:5,1
DA:6,1
DA:7,1
DA:8,1
DA:9,1
DA:10,1
DA:11,1
DA:12,1
DA:13,1
DA:14,1
DA:15,1
DA:16,1
DA:17,1
DA:18,1
DA:19,1
DA:20,1
DA:21,1
DA:22,1
DA:23,1
DA:24,1
DA:25,1
DA:26,1
DA:27,1
DA:28,1
DA:29,1
DA:30,1
DA:31,1
DA:32,1
DA:33,1
DA:34,1
DA:35,1
DA:36,1
DA:37,1
DA:38,1
DA:39,1
DA:40,1
DA:41,1
DA:42,1
DA:43,1
DA:44,1
DA:45,1
DA:46,1
DA:47,1
DA:48,1
DA:49,1
DA:50,1
DA:51,1
DA:52,1
DA:53,1
DA:54,1
DA:55,1
DA:56,1
DA:57,1
DA:58,1
LF:58
LH:58
BRF:0
BRH:0
end_of_record
TN:
SF:testcontrollers\deletehotelrating.controllers.js
FN:3,Object.<anonymous>.exports.deleteRating
FNF:1
FNH:1
FNDA:4,Object.<anonymous>.exports.deleteRating
DA:1,1
DA:2,1
DA:3,1
DA:4,4
DA:5,4
DA:6,4
DA:7,4
DA:8,4
DA:9,3
DA:10,3
DA:11,3
DA:12,4
DA:13,1
DA:14,1
DA:15,1
DA:16,1
DA:17,1
DA:18,1
DA:19,1
DA:20,1
DA:21,1
DA:22,1
DA:23,2
DA:24,2
DA:25,1
DA:26,1
DA:27,1
DA:28,1
DA:29,1
DA:30,1
DA:31,1
DA:32,1
DA:33,1
DA:34,1
DA:35,1
DA:36,1
DA:37,1
DA:38,4
DA:39,4
DA:40,1
DA:41,1
DA:42,1
DA:43,4
LF:43
LH:43
BRDA:3,0,0,4
BRDA:8,1,0,3
BRDA:12,2,0,1
BRDA:23,3,0,2
BRDA:24,4,0,1
BRDA:39,5,0,1
BRDA:10,6,0,3
BRF:7
BRH:7
end_of_record
TN:
SF:testcontrollers\ratinghotel.controllers.js
FN:4,Object.<anonymous>.exports.ratingHotel
FNF:1
FNH:1
FNDA:6,Object.<anonymous>.exports.ratingHotel
DA:1,1
DA:2,1
DA:3,1
DA:4,1
DA:5,6
DA:6,6
DA:7,6
DA:8,6
DA:9,6
DA:10,1
DA:11,1
DA:12,5
DA:13,6
DA:14,1
DA:15,1
DA:16,6
DA:17,1
DA:18,1
DA:19,3
DA:20,3
DA:21,2
DA:22,2
DA:23,2
DA:24,2
DA:25,2
DA:26,2
DA:27,2
DA:28,2
DA:29,2
DA:30,2
DA:31,2
DA:32,6
DA:33,1
DA:34,1
DA:35,6
LF:35
LH:35
BRDA:4,0,0,6
BRDA:9,1,0,1
BRDA:11,2,0,5
BRDA:13,3,0,1
BRDA:15,4,0,4
BRDA:16,5,0,1
BRDA:18,6,0,3
BRDA:20,7,0,2
BRDA:32,8,0,1
BRF:9
BRH:9
end_of_record
